<?xml version="1.0" encoding="UTF-8"?>
<testng-results ignored="0" total="0" passed="0" failed="0" skipped="0">
  <reporter-output>
  </reporter-output>
  <suite started-at="2018-06-01T10:29:02Z" name="musichours.ScheduleGeneratorTest" finished-at="2018-06-01T10:29:02Z" duration-ms="9">
    <groups>
    </groups>
    <test started-at="2018-06-01T10:29:02Z" name="Command line test" finished-at="2018-06-01T10:29:02Z" duration-ms="9">
    </test> <!-- Command line test -->
  </suite> <!-- musichours.ScheduleGeneratorTest -->
</testng-results>
